{
  "RSpec": {
    "coverage": {
      "/vagrant/qrcode_pix_ruby/lib/qrcode_pix_ruby.rb": {
        "lines": [
          null,
          null,
          1,
          1,
          null,
          1,
          null
        ]
      },
      "/vagrant/qrcode_pix_ruby/lib/qrcode_pix_ruby/payload.rb": {
        "lines": [
          null,
          null,
          1,
          null,
          1,
          1,
          1,
          1,
          1,
          1,
          1,
          1,
          1,
          1,
          1,
          1,
          1,
          1,
          1,
          1,
          1,
          1,
          null,
          1,
          null,
          null,
          null,
          null,
          null,
          null,
          null,
          null,
          null,
          null,
          1,
          8,
          null,
          8,
          8,
          8,
          8,
          8,
          8,
          8,
          8,
          8,
          8,
          8,
          null,
          8,
          null,
          null,
          1,
          0,
          null,
          null,
          1,
          null,
          1,
          99,
          99,
          null,
          null,
          1,
          8,
          null,
          null,
          1,
          8,
          8,
          8,
          null,
          8,
          null,
          null,
          1,
          8,
          8,
          null,
          null,
          1,
          8,
          8,
          8,
          8,
          null,
          8,
          8,
          null,
          8,
          1016,
          null,
          1016,
          null,
          1016,
          8128,
          null,
          8128,
          3897,
          null,
          null,
          8128,
          null,
          8128,
          null,
          null,
          1016,
          null,
          null,
          null,
          8,
          null,
          null,
          null
        ]
      },
      "/vagrant/qrcode_pix_ruby/spec/qrcode_pix_ruby_spec.rb": {
        "lines": [
          null,
          null,
          1,
          1,
          null,
          1,
          1,
          null,
          1,
          1,
          1,
          null,
          1,
          null,
          null,
          1,
          1,
          null,
          1,
          1,
          1,
          1,
          null,
          1,
          null,
          null,
          1,
          1,
          null,
          1,
          1,
          1,
          1,
          null,
          1,
          null,
          null,
          1,
          1,
          null,
          1,
          1,
          1,
          1,
          null,
          1,
          null,
          null,
          1,
          1,
          null,
          1,
          1,
          1,
          1,
          null,
          1,
          null,
          null,
          1,
          1,
          null,
          1,
          1,
          1,
          1,
          null,
          1,
          null,
          null,
          1,
          1,
          null,
          1,
          1,
          1,
          1,
          null,
          1,
          null,
          null,
          1,
          1,
          null,
          1,
          1,
          1,
          1,
          null,
          1,
          null,
          null
        ]
      }
    },
    "timestamp": 1624497463
  }
}
